[debug] [2022-09-12T21:52:59.644Z] ----------------------------------------------------------------------
[debug] [2022-09-12T21:52:59.646Z] Command:       /usr/local/bin/firebase /Users/MaxwellShick/.cache/firebase/tools/lib/node_modules/firebase-tools/lib/bin/firebase deploy --only functions
[debug] [2022-09-12T21:52:59.646Z] CLI Version:   11.8.1
[debug] [2022-09-12T21:52:59.646Z] Platform:      darwin
[debug] [2022-09-12T21:52:59.646Z] Node Version:  v16.16.0
[debug] [2022-09-12T21:52:59.652Z] Time:          Mon Sep 12 2022 17:52:59 GMT-0400 (Eastern Daylight Time)
[debug] [2022-09-12T21:52:59.653Z] ----------------------------------------------------------------------
[debug] 
[debug] [2022-09-12T21:52:59.753Z] Object ".hosting.rewrites[0]" in "firebase.json" has unknown property: {"additionalProperty":"source"}
[debug] [2022-09-12T21:52:59.754Z] Object ".hosting.rewrites[0]" in "firebase.json" has unknown property: {"additionalProperty":"source"}
[debug] [2022-09-12T21:52:59.755Z] Object ".hosting.rewrites[0]" in "firebase.json" has unknown property: {"additionalProperty":"source"}
[debug] [2022-09-12T21:52:59.755Z] Object ".hosting.rewrites[0]" in "firebase.json" has unknown property: {"additionalProperty":"source"}
[debug] [2022-09-12T21:52:59.755Z] Object ".hosting.rewrites[0]" in "firebase.json" has unknown property: {"additionalProperty":"function"}
[debug] [2022-09-12T21:52:59.756Z] Object ".hosting.rewrites[0]" in "firebase.json" has unknown property: {"additionalProperty":"destination"}
[debug] [2022-09-12T21:52:59.756Z] Object ".hosting.rewrites[0]" in "firebase.json" has unknown property: {"additionalProperty":"function"}
[debug] [2022-09-12T21:52:59.756Z] Object ".hosting.rewrites[0]" in "firebase.json" has unknown property: {"additionalProperty":"function"}
[debug] [2022-09-12T21:52:59.756Z] Object ".hosting.rewrites[0]" in "firebase.json" has unknown property: {"additionalProperty":"source"}
[debug] [2022-09-12T21:52:59.757Z] Object ".hosting.rewrites[0]" in "firebase.json" has unknown property: {"additionalProperty":"source"}
[debug] [2022-09-12T21:52:59.758Z] Object ".hosting.rewrites[0]" in "firebase.json" has unknown property: {"additionalProperty":"source"}
[debug] [2022-09-12T21:52:59.758Z] Object ".hosting.rewrites[0]" in "firebase.json" has unknown property: {"additionalProperty":"source"}
[debug] [2022-09-12T21:52:59.759Z] Field ".hosting.rewrites[0]" in "firebase.json" is possibly invalid: should match some schema in anyOf
[debug] [2022-09-12T21:52:59.759Z] Field ".hosting" in "firebase.json" is possibly invalid: should be array
[debug] [2022-09-12T21:52:59.759Z] Field ".hosting" in "firebase.json" is possibly invalid: should match some schema in anyOf
[debug] [2022-09-12T21:52:59.779Z] > command requires scopes: ["email","openid","https://www.googleapis.com/auth/cloudplatformprojects.readonly","https://www.googleapis.com/auth/firebase","https://www.googleapis.com/auth/cloud-platform"]
[debug] [2022-09-12T21:52:59.781Z] > authorizing via signed-in user (maxwellshick@gmail.com)
[debug] [2022-09-12T21:52:59.781Z] [iam] checking project nots-admin-dashboard for permissions ["cloudfunctions.functions.create","cloudfunctions.functions.delete","cloudfunctions.functions.get","cloudfunctions.functions.list","cloudfunctions.functions.update","cloudfunctions.operations.get","firebase.projects.get"]
[debug] [2022-09-12T21:52:59.799Z] > refreshing access token with scopes: []
[debug] [2022-09-12T21:52:59.800Z] >>> [apiv2][query] POST https://www.googleapis.com/oauth2/v3/token [none]
[debug] [2022-09-12T21:52:59.800Z] >>> [apiv2][body] POST https://www.googleapis.com/oauth2/v3/token [omitted]
[debug] [2022-09-12T21:53:00.108Z] <<< [apiv2][status] POST https://www.googleapis.com/oauth2/v3/token 200
[debug] [2022-09-12T21:53:00.110Z] <<< [apiv2][body] POST https://www.googleapis.com/oauth2/v3/token [omitted]
[debug] [2022-09-12T21:53:00.242Z] >>> [apiv2][query] POST https://cloudresourcemanager.googleapis.com/v1/projects/nots-admin-dashboard:testIamPermissions [none]
[debug] [2022-09-12T21:53:00.242Z] >>> [apiv2][(partial)header] POST https://cloudresourcemanager.googleapis.com/v1/projects/nots-admin-dashboard:testIamPermissions x-goog-quota-user=projects/nots-admin-dashboard
[debug] [2022-09-12T21:53:00.242Z] >>> [apiv2][body] POST https://cloudresourcemanager.googleapis.com/v1/projects/nots-admin-dashboard:testIamPermissions {"permissions":["cloudfunctions.functions.create","cloudfunctions.functions.delete","cloudfunctions.functions.get","cloudfunctions.functions.list","cloudfunctions.functions.update","cloudfunctions.operations.get","firebase.projects.get"]}
[debug] [2022-09-12T21:53:02.068Z] <<< [apiv2][status] POST https://cloudresourcemanager.googleapis.com/v1/projects/nots-admin-dashboard:testIamPermissions 200
[debug] [2022-09-12T21:53:02.069Z] <<< [apiv2][body] POST https://cloudresourcemanager.googleapis.com/v1/projects/nots-admin-dashboard:testIamPermissions {"permissions":["cloudfunctions.functions.create","cloudfunctions.functions.delete","cloudfunctions.functions.get","cloudfunctions.functions.list","cloudfunctions.functions.update","cloudfunctions.operations.get","firebase.projects.get"]}
[debug] [2022-09-12T21:53:02.073Z] >>> [apiv2][query] POST https://iam.googleapis.com/v1/projects/nots-admin-dashboard/serviceAccounts/nots-admin-dashboard@appspot.gserviceaccount.com:testIamPermissions [none]
[debug] [2022-09-12T21:53:02.073Z] >>> [apiv2][body] POST https://iam.googleapis.com/v1/projects/nots-admin-dashboard/serviceAccounts/nots-admin-dashboard@appspot.gserviceaccount.com:testIamPermissions {"permissions":["iam.serviceAccounts.actAs"]}
[debug] [2022-09-12T21:53:02.320Z] <<< [apiv2][status] POST https://iam.googleapis.com/v1/projects/nots-admin-dashboard/serviceAccounts/nots-admin-dashboard@appspot.gserviceaccount.com:testIamPermissions 200
[debug] [2022-09-12T21:53:02.320Z] <<< [apiv2][body] POST https://iam.googleapis.com/v1/projects/nots-admin-dashboard/serviceAccounts/nots-admin-dashboard@appspot.gserviceaccount.com:testIamPermissions {"permissions":["iam.serviceAccounts.actAs"]}
[info] 
[info] === Deploying to 'nots-admin-dashboard'...
[info] 
[info] i  deploying functions 
[info] ✔  functions: Finished running predeploy script. 
[debug] [2022-09-12T21:53:02.349Z] >>> [apiv2][query] GET https://firebase.googleapis.com/v1beta1/projects/nots-admin-dashboard [none]
[debug] [2022-09-12T21:53:02.697Z] <<< [apiv2][status] GET https://firebase.googleapis.com/v1beta1/projects/nots-admin-dashboard 200
[debug] [2022-09-12T21:53:02.698Z] <<< [apiv2][body] GET https://firebase.googleapis.com/v1beta1/projects/nots-admin-dashboard {"projectId":"nots-admin-dashboard","projectNumber":"666088704603","displayName":"NOTS Admin Dashboard","name":"projects/nots-admin-dashboard","resources":{"hostingSite":"nots-admin-dashboard"},"state":"ACTIVE","etag":"1_5baeab66-567b-425f-803a-3d36c1a4edb5"}
[info] i  functions: ensuring required API cloudfunctions.googleapis.com is enabled... 
[info] i  functions: ensuring required API cloudbuild.googleapis.com is enabled... 
[info] i  artifactregistry: ensuring required API artifactregistry.googleapis.com is enabled... 
[debug] [2022-09-12T21:53:02.701Z] >>> [apiv2][query] GET https://serviceusage.googleapis.com/v1/projects/nots-admin-dashboard/services/cloudfunctions.googleapis.com [none]
[debug] [2022-09-12T21:53:02.706Z] >>> [apiv2][query] GET https://serviceusage.googleapis.com/v1/projects/nots-admin-dashboard/services/runtimeconfig.googleapis.com [none]
[debug] [2022-09-12T21:53:02.707Z] >>> [apiv2][query] GET https://serviceusage.googleapis.com/v1/projects/nots-admin-dashboard/services/cloudbuild.googleapis.com [none]
[debug] [2022-09-12T21:53:02.708Z] >>> [apiv2][query] GET https://serviceusage.googleapis.com/v1/projects/nots-admin-dashboard/services/artifactregistry.googleapis.com [none]
[debug] [2022-09-12T21:53:03.139Z] <<< [apiv2][status] GET https://serviceusage.googleapis.com/v1/projects/nots-admin-dashboard/services/runtimeconfig.googleapis.com 200
[debug] [2022-09-12T21:53:03.140Z] <<< [apiv2][body] GET https://serviceusage.googleapis.com/v1/projects/nots-admin-dashboard/services/runtimeconfig.googleapis.com [omitted]
[debug] [2022-09-12T21:53:03.201Z] <<< [apiv2][status] GET https://serviceusage.googleapis.com/v1/projects/nots-admin-dashboard/services/cloudfunctions.googleapis.com 200
[debug] [2022-09-12T21:53:03.201Z] <<< [apiv2][body] GET https://serviceusage.googleapis.com/v1/projects/nots-admin-dashboard/services/cloudfunctions.googleapis.com [omitted]
[info] ✔  functions: required API cloudfunctions.googleapis.com is enabled 
[debug] [2022-09-12T21:53:04.203Z] <<< [apiv2][status] GET https://serviceusage.googleapis.com/v1/projects/nots-admin-dashboard/services/artifactregistry.googleapis.com 200
[debug] [2022-09-12T21:53:04.203Z] <<< [apiv2][body] GET https://serviceusage.googleapis.com/v1/projects/nots-admin-dashboard/services/artifactregistry.googleapis.com [omitted]
[info] ✔  artifactregistry: required API artifactregistry.googleapis.com is enabled 
[debug] [2022-09-12T21:53:04.491Z] <<< [apiv2][status] GET https://serviceusage.googleapis.com/v1/projects/nots-admin-dashboard/services/cloudbuild.googleapis.com 200
[debug] [2022-09-12T21:53:04.491Z] <<< [apiv2][body] GET https://serviceusage.googleapis.com/v1/projects/nots-admin-dashboard/services/cloudbuild.googleapis.com [omitted]
[info] ✔  functions: required API cloudbuild.googleapis.com is enabled 
[debug] [2022-09-12T21:53:04.503Z] >>> [apiv2][query] GET https://firebase.googleapis.com/v1beta1/projects/nots-admin-dashboard/adminSdkConfig [none]
[debug] [2022-09-12T21:53:05.784Z] <<< [apiv2][status] GET https://firebase.googleapis.com/v1beta1/projects/nots-admin-dashboard/adminSdkConfig 200
[debug] [2022-09-12T21:53:05.785Z] <<< [apiv2][body] GET https://firebase.googleapis.com/v1beta1/projects/nots-admin-dashboard/adminSdkConfig {"projectId":"nots-admin-dashboard","storageBucket":"nots-admin-dashboard.appspot.com"}
[debug] [2022-09-12T21:53:05.788Z] >>> [apiv2][query] GET https://runtimeconfig.googleapis.com/v1beta1/projects/nots-admin-dashboard/configs [none]
[debug] [2022-09-12T21:53:06.392Z] <<< [apiv2][status] GET https://runtimeconfig.googleapis.com/v1beta1/projects/nots-admin-dashboard/configs 200
[debug] [2022-09-12T21:53:06.393Z] <<< [apiv2][body] GET https://runtimeconfig.googleapis.com/v1beta1/projects/nots-admin-dashboard/configs {}
[info] i  functions: preparing codebase default for deployment 
[debug] [2022-09-12T21:53:06.409Z] Validating nodejs source
[debug] [2022-09-12T21:53:11.637Z] > [functions] package.json contents: {
  "name": "functions",
  "description": "Cloud Functions for Firebase",
  "scripts": {
    "serve": "firebase emulators:start --only functions",
    "shell": "firebase functions:shell",
    "start": "npm run shell",
    "deploy": "firebase deploy --only functions",
    "logs": "firebase functions:log"
  },
  "engines": {
    "node": "16"
  },
  "main": "index.js",
  "dependencies": {
    "@emotion/react": "^11.9.0",
    "@emotion/styled": "^11.8.1",
    "@fvilers/disable-react-devtools": "^1.3.0",
    "@mui/material": "^5.8.3",
    "axios": "^0.27.2",
    "bcrypt": "^5.0.1",
    "bcryptjs": "^2.4.3",
    "concurrently": "^7.3.0",
    "cookie-parser": "^1.4.6",
    "cors": "^2.8.5",
    "cross-env": "^7.0.3",
    "debounce": "^1.2.1",
    "dotenv": "^16.0.2",
    "escape-string-regexp": "^5.0.0",
    "express": "^4.18.1",
    "firebase": "^9.9.4",
    "firebase-admin": "^10.0.2",
    "firebase-functions": "^3.23.0",
    "jsonwebtoken": "^8.5.1",
    "mongoose": "^6.5.1",
    "nodemon": "^2.0.16",
    "pg": "^8.7.3",
    "react": "^17.0.2",
    "react-dom": "^17.0.2",
    "react-router-dom": "^6.3.0",
    "react-scripts": "^5.0.1",
    "webflow-api": "^0.8.1",
    "webpack": "^5.73.0"
  },
  "devDependencies": {
    "@babel/core": "^7.18.2",
    "@babel/preset-env": "^7.18.2",
    "@babel/preset-react": "^7.17.12",
    "babel-loader": "^8.2.5",
    "css-loader": "^6.7.1",
    "file-loader": "^6.2.0",
    "firebase-functions-test": "^0.2.0",
    "html-webpack-plugin": "^5.5.0",
    "sass": "^1.52.2",
    "sass-loader": "^13.0.0",
    "source-map-loader": "^4.0.0",
    "style-loader": "^3.3.1",
    "typescript": "^4.7.3",
    "url-loader": "^4.1.1",
    "webpack-cli": "^4.9.2",
    "webpack-config": "^7.0.0",
    "webpack-dev-server": "^4.9.2"
  },
  "private": true
}
[debug] [2022-09-12T21:53:11.640Z] Building nodejs source
[info] i  functions: Loaded environment variables from .env. 
[debug] [2022-09-12T21:53:11.680Z] Could not find functions.yaml. Must use http discovery
[debug] [2022-09-12T21:53:12.593Z] Serving at port 9006

[debug] [2022-09-12T21:53:13.295Z] Got response from /__/functions.yaml {"endpoints":{"server":{"platform":"gcfv1","httpsTrigger":{},"entryPoint":"server"}},"specVersion":"v1alpha1","requiredAPIs":[]}
[debug] [2022-09-12T21:53:13.309Z] shutdown requested via /__/quitquitquit

[debug] [2022-09-12T21:53:13.840Z] Connected to MongoDB

[info] i  functions: preparing functions directory for uploading... 
[info] i  functions: packaged /Users/MaxwellShick/Documents/Codesmith/vs-code/nots-dashboard/functions (400.61 KB) for uploading 
[debug] [2022-09-12T21:53:23.627Z] >>> [apiv2][query] GET https://cloudfunctions.googleapis.com/v1/projects/nots-admin-dashboard/locations/-/functions [none]
[debug] [2022-09-12T21:53:24.173Z] <<< [apiv2][status] GET https://cloudfunctions.googleapis.com/v1/projects/nots-admin-dashboard/locations/-/functions 200
[debug] [2022-09-12T21:53:24.174Z] <<< [apiv2][body] GET https://cloudfunctions.googleapis.com/v1/projects/nots-admin-dashboard/locations/-/functions {"functions":[{"name":"projects/nots-admin-dashboard/locations/us-central1/functions/server","httpsTrigger":{"url":"https://us-central1-nots-admin-dashboard.cloudfunctions.net/server","securityLevel":"SECURE_ALWAYS"},"status":"ACTIVE","entryPoint":"server","timeout":"60s","availableMemoryMb":256,"serviceAccountEmail":"nots-admin-dashboard@appspot.gserviceaccount.com","updateTime":"2022-09-12T21:19:16.535Z","versionId":"11","labels":{"deployment-tool":"cli-firebase"},"sourceUploadUrl":"https://storage.googleapis.com/uploads-560896456531.us-central1.cloudfunctions.appspot.com/729ed7f3-ff98-4a0f-a558-966db0370f99.zip","environmentVariables":{"ACCESS_TOKEN_SECRET":"2329df303847a7a460e643380777e42cda5b3f284e76ef4d99dd5b7dcbab3bfd6735b848efd55ebb3732e82b9d94418196aec550ff7fc5488296f3add7250351","REFRESH_TOKEN_SECRET":"376e2d44537571d1635594d1364a56a8a7718771643368907a9542aeeebb73fb59d58459d442edf525746ee03e6216501e0a2adc6bb7609fdab8572c409a5483","MONGO_URI":"mongodb+srv://mshick97:C5a915F886!@notscustomerdb.0jqdgpw.mongodb.net/?retryWrites=true&w=majority","WEBFLOW_API_KEY":"8440c559cc86a24c3cdf6fb01ad0d10c38bd50947a7f9b2188e086e8cf5f5775","NOTS_HAIR_SITE_ID":"6093315d74407812c0b3270c","FIREBASE_CONFIG":"{\"projectId\":\"nots-admin-dashboard\",\"storageBucket\":\"nots-admin-dashboard.appspot.com\"}","GCLOUD_PROJECT":"nots-admin-dashboard"},"runtime":"nodejs16","ingressSettings":"ALLOW_ALL","buildId":"a63712e3-4be8-4844-be9b-114853a2cf09","buildName":"projects/666088704603/locations/us-central1/builds/a63712e3-4be8-4844-be9b-114853a2cf09","dockerRegistry":"ARTIFACT_REGISTRY"}]}
[debug] [2022-09-12T21:53:24.175Z] >>> [apiv2][query] GET https://cloudfunctions.googleapis.com/v2alpha/projects/nots-admin-dashboard/locations/-/functions [none]
[debug] [2022-09-12T21:53:24.760Z] <<< [apiv2][status] GET https://cloudfunctions.googleapis.com/v2alpha/projects/nots-admin-dashboard/locations/-/functions 200
[debug] [2022-09-12T21:53:24.760Z] <<< [apiv2][body] GET https://cloudfunctions.googleapis.com/v2alpha/projects/nots-admin-dashboard/locations/-/functions {}
[debug] [2022-09-12T21:53:24.777Z] >>> [apiv2][query] GET https://firebase.googleapis.com/v1beta1/projects/nots-admin-dashboard [none]
[debug] [2022-09-12T21:53:25.388Z] <<< [apiv2][status] GET https://firebase.googleapis.com/v1beta1/projects/nots-admin-dashboard 200
[debug] [2022-09-12T21:53:25.388Z] <<< [apiv2][body] GET https://firebase.googleapis.com/v1beta1/projects/nots-admin-dashboard {"projectId":"nots-admin-dashboard","projectNumber":"666088704603","displayName":"NOTS Admin Dashboard","name":"projects/nots-admin-dashboard","resources":{"hostingSite":"nots-admin-dashboard"},"state":"ACTIVE","etag":"1_5baeab66-567b-425f-803a-3d36c1a4edb5"}
[debug] [2022-09-12T21:53:25.404Z] >>> [apiv2][query] POST https://cloudfunctions.googleapis.com/v1/projects/nots-admin-dashboard/locations/us-central1/functions:generateUploadUrl [none]
[debug] [2022-09-12T21:53:25.406Z] >>> [apiv2][body] POST https://cloudfunctions.googleapis.com/v1/projects/nots-admin-dashboard/locations/us-central1/functions:generateUploadUrl {}
[debug] [2022-09-12T21:53:25.905Z] <<< [apiv2][status] POST https://cloudfunctions.googleapis.com/v1/projects/nots-admin-dashboard/locations/us-central1/functions:generateUploadUrl 200
[debug] [2022-09-12T21:53:25.905Z] <<< [apiv2][body] POST https://cloudfunctions.googleapis.com/v1/projects/nots-admin-dashboard/locations/us-central1/functions:generateUploadUrl {"uploadUrl":"https://storage.googleapis.com/uploads-560896456531.us-central1.cloudfunctions.appspot.com/dd2cbe7e-7eaa-48db-a51d-8c58e18409f7.zip?GoogleAccessId=service-666088704603@gcf-admin-robot.iam.gserviceaccount.com&Expires=1663021406&Signature=DUeL9AWMjgMtMJoFQYAg1MbH0uoaEVBKW6k8g60c4dDtgvfTVXnGPGvXD47HARNNDlcQJd39VBUcaQLqDA%2FUjheUTfzcXcsyzwLLKwtq6QuZWBpsJjd5fIfR%2FxAQIGG%2BDYIupXJzHBp3soKm3VHJzwEeyYggFfeQ0oKGdM8rfIot%2FxwtnKULCe%2F%2FD2%2B9q00VkVb8GDs5TQJYgu20ZqfNbSwaFx%2BpXp7k6B5euK9t3tUBdLLBwrEnZCpOCAnGaG9mlgYOKNDt9rzeYxLReUgUtEB5vBBaGx01oQWdvsV2HTK%2Bst8HKuIE4ZCkgdPSjMDrLFTtztf7HR1igMkbb%2FeP%2BA%3D%3D"}
[debug] [2022-09-12T21:53:25.908Z] >>> [apiv2][query] PUT https://storage.googleapis.com/uploads-560896456531.us-central1.cloudfunctions.appspot.com/dd2cbe7e-7eaa-48db-a51d-8c58e18409f7.zip GoogleAccessId=service-666088704603%40gcf-admin-robot.iam.gserviceaccount.com&Expires=1663021406&Signature=DUeL9AWMjgMtMJoFQYAg1MbH0uoaEVBKW6k8g60c4dDtgvfTVXnGPGvXD47HARNNDlcQJd39VBUcaQLqDA%2FUjheUTfzcXcsyzwLLKwtq6QuZWBpsJjd5fIfR%2FxAQIGG%2BDYIupXJzHBp3soKm3VHJzwEeyYggFfeQ0oKGdM8rfIot%2FxwtnKULCe%2F%2FD2%2B9q00VkVb8GDs5TQJYgu20ZqfNbSwaFx%2BpXp7k6B5euK9t3tUBdLLBwrEnZCpOCAnGaG9mlgYOKNDt9rzeYxLReUgUtEB5vBBaGx01oQWdvsV2HTK%2Bst8HKuIE4ZCkgdPSjMDrLFTtztf7HR1igMkbb%2FeP%2BA%3D%3D
[debug] [2022-09-12T21:53:25.909Z] >>> [apiv2][body] PUT https://storage.googleapis.com/uploads-560896456531.us-central1.cloudfunctions.appspot.com/dd2cbe7e-7eaa-48db-a51d-8c58e18409f7.zip [stream]
[debug] [2022-09-12T21:53:26.414Z] <<< [apiv2][status] PUT https://storage.googleapis.com/uploads-560896456531.us-central1.cloudfunctions.appspot.com/dd2cbe7e-7eaa-48db-a51d-8c58e18409f7.zip 200
[debug] [2022-09-12T21:53:26.415Z] <<< [apiv2][body] PUT https://storage.googleapis.com/uploads-560896456531.us-central1.cloudfunctions.appspot.com/dd2cbe7e-7eaa-48db-a51d-8c58e18409f7.zip [omitted]
[info] ✔  functions: functions folder uploaded successfully 
[info] i  functions: updating Node.js 16 function server(us-central1)... 
[debug] [2022-09-12T21:53:26.435Z] >>> [apiv2][query] PATCH https://cloudfunctions.googleapis.com/v1/projects/nots-admin-dashboard/locations/us-central1/functions/server updateMask=name%2CsourceUploadUrl%2CentryPoint%2Cruntime%2CdockerRegistry%2Clabels%2ChttpsTrigger.securityLevel%2CenvironmentVariables%2CavailableMemoryMb%2CsourceToken
[debug] [2022-09-12T21:53:26.435Z] >>> [apiv2][body] PATCH https://cloudfunctions.googleapis.com/v1/projects/nots-admin-dashboard/locations/us-central1/functions/server {"name":"projects/nots-admin-dashboard/locations/us-central1/functions/server","sourceUploadUrl":"https://storage.googleapis.com/uploads-560896456531.us-central1.cloudfunctions.appspot.com/dd2cbe7e-7eaa-48db-a51d-8c58e18409f7.zip?GoogleAccessId=service-666088704603@gcf-admin-robot.iam.gserviceaccount.com&Expires=1663021406&Signature=DUeL9AWMjgMtMJoFQYAg1MbH0uoaEVBKW6k8g60c4dDtgvfTVXnGPGvXD47HARNNDlcQJd39VBUcaQLqDA%2FUjheUTfzcXcsyzwLLKwtq6QuZWBpsJjd5fIfR%2FxAQIGG%2BDYIupXJzHBp3soKm3VHJzwEeyYggFfeQ0oKGdM8rfIot%2FxwtnKULCe%2F%2FD2%2B9q00VkVb8GDs5TQJYgu20ZqfNbSwaFx%2BpXp7k6B5euK9t3tUBdLLBwrEnZCpOCAnGaG9mlgYOKNDt9rzeYxLReUgUtEB5vBBaGx01oQWdvsV2HTK%2Bst8HKuIE4ZCkgdPSjMDrLFTtztf7HR1igMkbb%2FeP%2BA%3D%3D","entryPoint":"server","runtime":"nodejs16","dockerRegistry":"ARTIFACT_REGISTRY","labels":{"deployment-tool":"cli-firebase"},"httpsTrigger":{"securityLevel":"SECURE_ALWAYS"},"environmentVariables":{"ACCESS_TOKEN_SECRET":"2329df303847a7a460e643380777e42cda5b3f284e76ef4d99dd5b7dcbab3bfd6735b848efd55ebb3732e82b9d94418196aec550ff7fc5488296f3add7250351","REFRESH_TOKEN_SECRET":"376e2d44537571d1635594d1364a56a8a7718771643368907a9542aeeebb73fb59d58459d442edf525746ee03e6216501e0a2adc6bb7609fdab8572c409a5483","MONGO_URI":"mongodb+srv://mshick97:C5a915F886!@notscustomerdb.0jqdgpw.mongodb.net/?retryWrites=true&w=majority","WEBFLOW_API_KEY":"8440c559cc86a24c3cdf6fb01ad0d10c38bd50947a7f9b2188e086e8cf5f5775","NOTS_HAIR_SITE_ID":"6093315d74407812c0b3270c","FIREBASE_CONFIG":"{\"projectId\":\"nots-admin-dashboard\",\"storageBucket\":\"nots-admin-dashboard.appspot.com\"}","GCLOUD_PROJECT":"nots-admin-dashboard"},"availableMemoryMb":256}
[debug] [2022-09-12T21:53:26.994Z] <<< [apiv2][status] PATCH https://cloudfunctions.googleapis.com/v1/projects/nots-admin-dashboard/locations/us-central1/functions/server 200
[debug] [2022-09-12T21:53:26.995Z] <<< [apiv2][body] PATCH https://cloudfunctions.googleapis.com/v1/projects/nots-admin-dashboard/locations/us-central1/functions/server {"name":"operations/bm90cy1hZG1pbi1kYXNoYm9hcmQvdXMtY2VudHJhbDEvc2VydmVyL19rMS1qQmZaWTBj","metadata":{"@type":"type.googleapis.com/google.cloud.functions.v1.OperationMetadataV1","target":"projects/nots-admin-dashboard/locations/us-central1/functions/server","type":"UPDATE_FUNCTION","request":{"@type":"type.googleapis.com/google.cloud.functions.v1.CloudFunction","name":"projects/nots-admin-dashboard/locations/us-central1/functions/server","httpsTrigger":{"url":"https://us-central1-nots-admin-dashboard.cloudfunctions.net/server","securityLevel":"SECURE_ALWAYS"},"status":"ACTIVE","entryPoint":"server","timeout":"60s","availableMemoryMb":256,"serviceAccountEmail":"nots-admin-dashboard@appspot.gserviceaccount.com","updateTime":"2022-09-12T21:19:16.535Z","versionId":"11","labels":{"deployment-tool":"cli-firebase"},"sourceUploadUrl":"https://storage.googleapis.com/uploads-560896456531.us-central1.cloudfunctions.appspot.com/dd2cbe7e-7eaa-48db-a51d-8c58e18409f7.zip?GoogleAccessId=service-666088704603@gcf-admin-robot.iam.gserviceaccount.com&Expires=1663021406&Signature=DUeL9AWMjgMtMJoFQYAg1MbH0uoaEVBKW6k8g60c4dDtgvfTVXnGPGvXD47HARNNDlcQJd39VBUcaQLqDA%2FUjheUTfzcXcsyzwLLKwtq6QuZWBpsJjd5fIfR%2FxAQIGG%2BDYIupXJzHBp3soKm3VHJzwEeyYggFfeQ0oKGdM8rfIot%2FxwtnKULCe%2F%2FD2%2B9q00VkVb8GDs5TQJYgu20ZqfNbSwaFx%2BpXp7k6B5euK9t3tUBdLLBwrEnZCpOCAnGaG9mlgYOKNDt9rzeYxLReUgUtEB5vBBaGx01oQWdvsV2HTK%2Bst8HKuIE4ZCkgdPSjMDrLFTtztf7HR1igMkbb%2FeP%2BA%3D%3D","environmentVariables":{"ACCESS_TOKEN_SECRET":"2329df303847a7a460e643380777e42cda5b3f284e76ef4d99dd5b7dcbab3bfd6735b848efd55ebb3732e82b9d94418196aec550ff7fc5488296f3add7250351","REFRESH_TOKEN_SECRET":"376e2d44537571d1635594d1364a56a8a7718771643368907a9542aeeebb73fb59d58459d442edf525746ee03e6216501e0a2adc6bb7609fdab8572c409a5483","MONGO_URI":"mongodb+srv://mshick97:C5a915F886!@notscustomerdb.0jqdgpw.mongodb.net/?retryWrites=true&w=majority","WEBFLOW_API_KEY":"8440c559cc86a24c3cdf6fb01ad0d10c38bd50947a7f9b2188e086e8cf5f5775","NOTS_HAIR_SITE_ID":"6093315d74407812c0b3270c","FIREBASE_CONFIG":"{\"projectId\":\"nots-admin-dashboard\",\"storageBucket\":\"nots-admin-dashboard.appspot.com\"}","GCLOUD_PROJECT":"nots-admin-dashboard"},"runtime":"nodejs16","ingressSettings":"ALLOW_ALL","buildId":"a63712e3-4be8-4844-be9b-114853a2cf09","buildName":"projects/666088704603/locations/us-central1/builds/a63712e3-4be8-4844-be9b-114853a2cf09","dockerRegistry":"ARTIFACT_REGISTRY"},"versionId":"12","updateTime":"2022-09-12T21:53:27Z"}}
[debug] [2022-09-12T21:53:26.998Z] >>> [apiv2][query] GET https://cloudfunctions.googleapis.com/v1/operations/bm90cy1hZG1pbi1kYXNoYm9hcmQvdXMtY2VudHJhbDEvc2VydmVyL19rMS1qQmZaWTBj [none]
[debug] [2022-09-12T21:53:27.224Z] <<< [apiv2][status] GET https://cloudfunctions.googleapis.com/v1/operations/bm90cy1hZG1pbi1kYXNoYm9hcmQvdXMtY2VudHJhbDEvc2VydmVyL19rMS1qQmZaWTBj 200
[debug] [2022-09-12T21:53:27.224Z] <<< [apiv2][body] GET https://cloudfunctions.googleapis.com/v1/operations/bm90cy1hZG1pbi1kYXNoYm9hcmQvdXMtY2VudHJhbDEvc2VydmVyL19rMS1qQmZaWTBj {"name":"operations/bm90cy1hZG1pbi1kYXNoYm9hcmQvdXMtY2VudHJhbDEvc2VydmVyL19rMS1qQmZaWTBj","metadata":{"@type":"type.googleapis.com/google.cloud.functions.v1.OperationMetadataV1","target":"projects/nots-admin-dashboard/locations/us-central1/functions/server","type":"UPDATE_FUNCTION","request":{"@type":"type.googleapis.com/google.cloud.functions.v1.CloudFunction","name":"projects/nots-admin-dashboard/locations/us-central1/functions/server","httpsTrigger":{"url":"https://us-central1-nots-admin-dashboard.cloudfunctions.net/server","securityLevel":"SECURE_ALWAYS"},"status":"ACTIVE","entryPoint":"server","timeout":"60s","availableMemoryMb":256,"serviceAccountEmail":"nots-admin-dashboard@appspot.gserviceaccount.com","updateTime":"2022-09-12T21:19:16.535Z","versionId":"11","labels":{"deployment-tool":"cli-firebase"},"sourceUploadUrl":"https://storage.googleapis.com/uploads-560896456531.us-central1.cloudfunctions.appspot.com/dd2cbe7e-7eaa-48db-a51d-8c58e18409f7.zip?GoogleAccessId=service-666088704603@gcf-admin-robot.iam.gserviceaccount.com&Expires=1663021406&Signature=DUeL9AWMjgMtMJoFQYAg1MbH0uoaEVBKW6k8g60c4dDtgvfTVXnGPGvXD47HARNNDlcQJd39VBUcaQLqDA%2FUjheUTfzcXcsyzwLLKwtq6QuZWBpsJjd5fIfR%2FxAQIGG%2BDYIupXJzHBp3soKm3VHJzwEeyYggFfeQ0oKGdM8rfIot%2FxwtnKULCe%2F%2FD2%2B9q00VkVb8GDs5TQJYgu20ZqfNbSwaFx%2BpXp7k6B5euK9t3tUBdLLBwrEnZCpOCAnGaG9mlgYOKNDt9rzeYxLReUgUtEB5vBBaGx01oQWdvsV2HTK%2Bst8HKuIE4ZCkgdPSjMDrLFTtztf7HR1igMkbb%2FeP%2BA%3D%3D","environmentVariables":{"ACCESS_TOKEN_SECRET":"2329df303847a7a460e643380777e42cda5b3f284e76ef4d99dd5b7dcbab3bfd6735b848efd55ebb3732e82b9d94418196aec550ff7fc5488296f3add7250351","REFRESH_TOKEN_SECRET":"376e2d44537571d1635594d1364a56a8a7718771643368907a9542aeeebb73fb59d58459d442edf525746ee03e6216501e0a2adc6bb7609fdab8572c409a5483","MONGO_URI":"mongodb+srv://mshick97:C5a915F886!@notscustomerdb.0jqdgpw.mongodb.net/?retryWrites=true&w=majority","WEBFLOW_API_KEY":"8440c559cc86a24c3cdf6fb01ad0d10c38bd50947a7f9b2188e086e8cf5f5775","NOTS_HAIR_SITE_ID":"6093315d74407812c0b3270c","FIREBASE_CONFIG":"{\"projectId\":\"nots-admin-dashboard\",\"storageBucket\":\"nots-admin-dashboard.appspot.com\"}","GCLOUD_PROJECT":"nots-admin-dashboard"},"runtime":"nodejs16","ingressSettings":"ALLOW_ALL","buildId":"a63712e3-4be8-4844-be9b-114853a2cf09","buildName":"projects/666088704603/locations/us-central1/builds/a63712e3-4be8-4844-be9b-114853a2cf09","dockerRegistry":"ARTIFACT_REGISTRY"},"versionId":"12","updateTime":"2022-09-12T21:53:27Z"}}
[debug] [2022-09-12T21:53:27.727Z] [update-default-us-central1-server] Retrying task index 0
[debug] [2022-09-12T21:53:27.729Z] >>> [apiv2][query] GET https://cloudfunctions.googleapis.com/v1/operations/bm90cy1hZG1pbi1kYXNoYm9hcmQvdXMtY2VudHJhbDEvc2VydmVyL19rMS1qQmZaWTBj [none]
[debug] [2022-09-12T21:53:27.950Z] <<< [apiv2][status] GET https://cloudfunctions.googleapis.com/v1/operations/bm90cy1hZG1pbi1kYXNoYm9hcmQvdXMtY2VudHJhbDEvc2VydmVyL19rMS1qQmZaWTBj 200
[debug] [2022-09-12T21:53:27.950Z] <<< [apiv2][body] GET https://cloudfunctions.googleapis.com/v1/operations/bm90cy1hZG1pbi1kYXNoYm9hcmQvdXMtY2VudHJhbDEvc2VydmVyL19rMS1qQmZaWTBj {"name":"operations/bm90cy1hZG1pbi1kYXNoYm9hcmQvdXMtY2VudHJhbDEvc2VydmVyL19rMS1qQmZaWTBj","metadata":{"@type":"type.googleapis.com/google.cloud.functions.v1.OperationMetadataV1","target":"projects/nots-admin-dashboard/locations/us-central1/functions/server","type":"UPDATE_FUNCTION","request":{"@type":"type.googleapis.com/google.cloud.functions.v1.CloudFunction","name":"projects/nots-admin-dashboard/locations/us-central1/functions/server","httpsTrigger":{"url":"https://us-central1-nots-admin-dashboard.cloudfunctions.net/server","securityLevel":"SECURE_ALWAYS"},"status":"ACTIVE","entryPoint":"server","timeout":"60s","availableMemoryMb":256,"serviceAccountEmail":"nots-admin-dashboard@appspot.gserviceaccount.com","updateTime":"2022-09-12T21:19:16.535Z","versionId":"11","labels":{"deployment-tool":"cli-firebase"},"sourceUploadUrl":"https://storage.googleapis.com/uploads-560896456531.us-central1.cloudfunctions.appspot.com/dd2cbe7e-7eaa-48db-a51d-8c58e18409f7.zip?GoogleAccessId=service-666088704603@gcf-admin-robot.iam.gserviceaccount.com&Expires=1663021406&Signature=DUeL9AWMjgMtMJoFQYAg1MbH0uoaEVBKW6k8g60c4dDtgvfTVXnGPGvXD47HARNNDlcQJd39VBUcaQLqDA%2FUjheUTfzcXcsyzwLLKwtq6QuZWBpsJjd5fIfR%2FxAQIGG%2BDYIupXJzHBp3soKm3VHJzwEeyYggFfeQ0oKGdM8rfIot%2FxwtnKULCe%2F%2FD2%2B9q00VkVb8GDs5TQJYgu20ZqfNbSwaFx%2BpXp7k6B5euK9t3tUBdLLBwrEnZCpOCAnGaG9mlgYOKNDt9rzeYxLReUgUtEB5vBBaGx01oQWdvsV2HTK%2Bst8HKuIE4ZCkgdPSjMDrLFTtztf7HR1igMkbb%2FeP%2BA%3D%3D","environmentVariables":{"ACCESS_TOKEN_SECRET":"2329df303847a7a460e643380777e42cda5b3f284e76ef4d99dd5b7dcbab3bfd6735b848efd55ebb3732e82b9d94418196aec550ff7fc5488296f3add7250351","REFRESH_TOKEN_SECRET":"376e2d44537571d1635594d1364a56a8a7718771643368907a9542aeeebb73fb59d58459d442edf525746ee03e6216501e0a2adc6bb7609fdab8572c409a5483","MONGO_URI":"mongodb+srv://mshick97:C5a915F886!@notscustomerdb.0jqdgpw.mongodb.net/?retryWrites=true&w=majority","WEBFLOW_API_KEY":"8440c559cc86a24c3cdf6fb01ad0d10c38bd50947a7f9b2188e086e8cf5f5775","NOTS_HAIR_SITE_ID":"6093315d74407812c0b3270c","FIREBASE_CONFIG":"{\"projectId\":\"nots-admin-dashboard\",\"storageBucket\":\"nots-admin-dashboard.appspot.com\"}","GCLOUD_PROJECT":"nots-admin-dashboard"},"runtime":"nodejs16","ingressSettings":"ALLOW_ALL","buildId":"a63712e3-4be8-4844-be9b-114853a2cf09","buildName":"projects/666088704603/locations/us-central1/builds/a63712e3-4be8-4844-be9b-114853a2cf09","dockerRegistry":"ARTIFACT_REGISTRY"},"versionId":"12","updateTime":"2022-09-12T21:53:27Z","buildId":"68e97af0-1474-48ef-9f99-c86198c2d30b","buildName":"projects/666088704603/locations/us-central1/builds/68e97af0-1474-48ef-9f99-c86198c2d30b"}}
